Arguments: 
  /usr/bin/node /usr/share/yarn/bin/yarn.js add react-native-material-ui

PATH: 
  /home/vitorio/.rvm/gems/ruby-2.4.1/bin:/home/vitorio/.rvm/gems/ruby-2.4.1@global/bin:/home/vitorio/.rvm/rubies/ruby-2.4.1/bin:/home/vitorio/.npm-packages/bin:/usr/lib/jvm/java-7-openjdk-amd64/jre/bin:/home/vitorio/.npm-global/bin:/home/vitorio/.npm-packages/bin:/usr/lib/jvm/java-7-openjdk-amd64/jre/bin:/home/vitorio/.npm-global/bin:/usr/local/sbin:/usr/local/bin:/usr/sbin:/usr/bin:/sbin:/bin:/usr/games:/usr/local/games:/snap/bin:/usr/lib/jvm/java-8-oracle/bin:/usr/lib/jvm/java-8-oracle/db/bin:/usr/lib/jvm/java-8-oracle/jre/bin:/home/vitorio/android_dev/android-sdk-linux/tools:/home/vitorio/android_dev/android-sdk-linux/platform-tools:/home/vitorio/android_dev/android-sdk-linux/tools:/home/vitorio/android_dev/android-sdk-linux/platform-tools:/home/vitorio/.rvm/bin

Yarn version: 
  1.9.4

Node version: 
  8.10.0

Platform: 
  linux x64

Trace: 
  Error: EACCES: permission denied, unlink '/home/vitorio/projetos_react-native/todo-list/node_modules/fsevents/node_modules/.bin/rc'

npm manifest: 
  {
    "name": "empty-project-template",
    "main": "node_modules/expo/AppEntry.js",
    "private": true,
    "scripts": {
      "start": "expo start",
      "android": "expo start --android",
      "ios": "expo start --ios",
      "eject": "expo eject"
    },
    "dependencies": {
      "apisauce": "^1.0.0",
      "expo": "^30.0.1",
      "react": "16.3.1",
      "react-native": "https://github.com/expo/react-native/archive/sdk-30.0.0.tar.gz"
    }
  }

yarn manifest: 
  No manifest

Lockfile: 
  No lockfile
